counted_space:  288
1  2  3  4  
3  4  1  2  
2  1  4  3  
4  3  2  1  

1  2  3  4  
3  4  1  2  
2  3  4  1  
4  1  2  3  

1  2  3  4  
3  4  1  2  
4  3  2  1  
2  1  4  3  

1  2  3  4  
3  4  2  1  
4  3  1  2  
2  1  4  3  

1  2  3  4  
4  3  2  1  
3  4  1  2  
2  1  4  3  

1  2  3  4  
3  4  1  2  
2  1  4  3  
4  3  2  1  

Type:  X,X

1  2  3  4  
3  4  1  2  
2  3  4  1  
4  1  2  3  

Type:  X,X

1  2  3  4  
3  4  1  2  
4  3  2  1  
2  1  4  3  

Type:  X,X

1  2  3  4  
3  4  2  1  
4  3  1  2  
2  1  4  3  

Type:  X,X

1  2  3  4  
4  3  2  1  
3  4  1  2  
2  1  4  3  

Type:  X,X

X,X :  5
All hashes:  5
1441
1443
1423
1423
1423
