counted_space:  288
1  2  3  4  
3  4  1  2  
2  1  4  3  
4  3  2  1  

1  2  3  4  
3  4  1  2  
2  3  4  1  
4  1  2  3  

1  2  3  4  
3  4  1  2  
4  3  2  1  
2  1  4  3  

1  2  3  4  
3  4  2  1  
4  3  1  2  
2  1  4  3  

1  2  3  4  
4  3  2  1  
3  4  1  2  
2  1  4  3  

1  2  3  4  
3  4  1  2  
2  1  4  3  
4  3  2  1  

Type:  C,C

1  2  3  4  
3  4  1  2  
2  3  4  1  
4  1  2  3  

Type:  C,X

1  2  3  4  
3  4  1  2  
4  3  2  1  
2  1  4  3  

Type:  C,S

1  2  3  4  
3  4  2  1  
4  3  1  2  
2  1  4  3  

Type:  X,S

1  2  3  4  
4  3  2  1  
3  4  1  2  
2  1  4  3  

T2 looks like this:
1  2  |  3  4
 T2  T1   T2
4  3  |  2  1
 T2  T2   T2 
2  1  |  4  3
 T2  T1   T2
3  4  |  1  2

T1 looks like this:
1  2  |  3  4
 T2  T2   T2 
3  4  |  1  2
 T2  T1   T2
2  1  |  4  3
 T2  T2   T2
4  3  |  2  1


Type:  S,S

C,C :  1
C,X :  1
C,S :  1
X,S :  1
S,S :  1
All hashes:  5
1441
1443
1423
1423
1423
